<?xml version="1.0" encoding="UTF-8"?>
<testsuite name="home.addressbook.tests.GroupDelete" tests="2" skipped="0" failures="0" errors="0" timestamp="2018-08-07T09:51:14" hostname="DESKTOP-Q5R7ENV" time="0.509">
  <properties/>
  <testcase name="deletionGroupByIndexTest" classname="home.addressbook.tests.GroupDelete" time="0.263"/>
  <testcase name="deletionGroupTest" classname="home.addressbook.tests.GroupDelete" time="0.245"/>
  <system-out><![CDATA[]]></system-out>
  <system-err><![CDATA[]]></system-err>
</testsuite>
