<?xml version="1.0" encoding="UTF-8"?>
<testsuite name="home.addressbook.tests.GroupModify" tests="2" skipped="0" failures="0" errors="0" timestamp="2018-08-07T09:51:13" hostname="DESKTOP-Q5R7ENV" time="1.418">
  <properties/>
  <testcase name="groupModificationTest" classname="home.addressbook.tests.GroupModify" time="0.676"/>
  <testcase name="modifyGroupByIndexTest" classname="home.addressbook.tests.GroupModify" time="0.742"/>
  <system-out><![CDATA[]]></system-out>
  <system-err><![CDATA[]]></system-err>
</testsuite>
