<?xml version="1.0" encoding="UTF-8"?>
<testsuite name="home.addressbook.tests.GroupCreate" tests="3" skipped="0" failures="0" errors="0" timestamp="2018-08-07T09:51:00" hostname="DESKTOP-Q5R7ENV" time="12.426">
  <properties/>
  <testcase name="groupCreationTest1" classname="home.addressbook.tests.GroupCreate" time="10.914"/>
  <testcase name="groupCreationTestEmptyName" classname="home.addressbook.tests.GroupCreate" time="0.592"/>
  <testcase name="groupCreationTestLongName" classname="home.addressbook.tests.GroupCreate" time="0.92"/>
  <system-out><![CDATA[]]></system-out>
  <system-err><![CDATA[]]></system-err>
</testsuite>
