<?xml version="1.0" encoding="UTF-8"?>
<testsuite name="home.addressbook.tests.ContactCreate" tests="2" skipped="0" failures="0" errors="0" timestamp="2018-08-07T09:50:15" hostname="DESKTOP-Q5R7ENV" time="7.955">
  <properties/>
  <testcase name="createContactTest" classname="home.addressbook.tests.ContactCreate" time="4.108"/>
  <testcase name="createContactTestWithoutData" classname="home.addressbook.tests.ContactCreate" time="3.847"/>
  <system-out><![CDATA[]]></system-out>
  <system-err><![CDATA[]]></system-err>
</testsuite>
